mode: set
github.com/alterra-kelompok-1/menu-service/internal/app/menu/handler.go:25.46,29.2 1 1
github.com/alterra-kelompok-1/menu-service/internal/app/menu/handler.go:31.45,34.40 2 1
github.com/alterra-kelompok-1/menu-service/internal/app/menu/handler.go:38.2,38.44 1 1
github.com/alterra-kelompok-1/menu-service/internal/app/menu/handler.go:42.2,43.16 2 1
github.com/alterra-kelompok-1/menu-service/internal/app/menu/handler.go:47.2,47.105 1 1
github.com/alterra-kelompok-1/menu-service/internal/app/menu/handler.go:34.40,36.3 1 0
github.com/alterra-kelompok-1/menu-service/internal/app/menu/handler.go:38.44,40.3 1 0
github.com/alterra-kelompok-1/menu-service/internal/app/menu/handler.go:43.16,45.3 1 0
github.com/alterra-kelompok-1/menu-service/internal/app/menu/handler.go:50.49,53.40 2 0
github.com/alterra-kelompok-1/menu-service/internal/app/menu/handler.go:56.2,56.44 1 0
github.com/alterra-kelompok-1/menu-service/internal/app/menu/handler.go:61.2,62.16 2 0
github.com/alterra-kelompok-1/menu-service/internal/app/menu/handler.go:66.2,66.44 1 0
github.com/alterra-kelompok-1/menu-service/internal/app/menu/handler.go:53.40,55.3 1 0
github.com/alterra-kelompok-1/menu-service/internal/app/menu/handler.go:56.44,59.3 2 0
github.com/alterra-kelompok-1/menu-service/internal/app/menu/handler.go:62.16,64.3 1 0
github.com/alterra-kelompok-1/menu-service/internal/app/menu/handler.go:69.48,72.40 2 0
github.com/alterra-kelompok-1/menu-service/internal/app/menu/handler.go:75.2,75.44 1 0
github.com/alterra-kelompok-1/menu-service/internal/app/menu/handler.go:80.2,81.16 2 0
github.com/alterra-kelompok-1/menu-service/internal/app/menu/handler.go:85.2,85.44 1 0
github.com/alterra-kelompok-1/menu-service/internal/app/menu/handler.go:72.40,74.3 1 0
github.com/alterra-kelompok-1/menu-service/internal/app/menu/handler.go:75.44,78.3 2 0
github.com/alterra-kelompok-1/menu-service/internal/app/menu/handler.go:81.16,83.3 1 0
github.com/alterra-kelompok-1/menu-service/internal/app/menu/handler.go:89.48,91.40 2 0
github.com/alterra-kelompok-1/menu-service/internal/app/menu/handler.go:95.2,95.44 1 0
github.com/alterra-kelompok-1/menu-service/internal/app/menu/handler.go:101.2,118.16 3 0
github.com/alterra-kelompok-1/menu-service/internal/app/menu/handler.go:122.2,122.44 1 0
github.com/alterra-kelompok-1/menu-service/internal/app/menu/handler.go:91.40,94.3 2 0
github.com/alterra-kelompok-1/menu-service/internal/app/menu/handler.go:95.44,99.3 3 0
github.com/alterra-kelompok-1/menu-service/internal/app/menu/handler.go:118.16,120.3 1 0
github.com/alterra-kelompok-1/menu-service/internal/app/menu/handler.go:125.48,128.40 2 0
github.com/alterra-kelompok-1/menu-service/internal/app/menu/handler.go:131.2,131.44 1 0
github.com/alterra-kelompok-1/menu-service/internal/app/menu/handler.go:136.2,137.16 2 0
github.com/alterra-kelompok-1/menu-service/internal/app/menu/handler.go:141.2,141.44 1 0
github.com/alterra-kelompok-1/menu-service/internal/app/menu/handler.go:128.40,130.3 1 0
github.com/alterra-kelompok-1/menu-service/internal/app/menu/handler.go:131.44,134.3 2 0
github.com/alterra-kelompok-1/menu-service/internal/app/menu/handler.go:137.16,139.3 1 0
github.com/alterra-kelompok-1/menu-service/internal/app/menu/route.go:7.40,14.2 5 0
github.com/alterra-kelompok-1/menu-service/internal/app/menu/service.go:27.45,31.2 1 1
github.com/alterra-kelompok-1/menu-service/internal/app/menu/service.go:33.120,36.16 2 1
github.com/alterra-kelompok-1/menu-service/internal/app/menu/service.go:40.2,44.20 4 1
github.com/alterra-kelompok-1/menu-service/internal/app/menu/service.go:36.16,38.3 1 0
github.com/alterra-kelompok-1/menu-service/internal/app/menu/service.go:47.96,50.16 2 0
github.com/alterra-kelompok-1/menu-service/internal/app/menu/service.go:57.2,57.19 1 0
github.com/alterra-kelompok-1/menu-service/internal/app/menu/service.go:50.16,51.37 1 0
github.com/alterra-kelompok-1/menu-service/internal/app/menu/service.go:54.3,54.76 1 0
github.com/alterra-kelompok-1/menu-service/internal/app/menu/service.go:51.37,53.4 1 0
github.com/alterra-kelompok-1/menu-service/internal/app/menu/service.go:60.95,74.16 4 0
github.com/alterra-kelompok-1/menu-service/internal/app/menu/service.go:78.2,78.23 1 0
github.com/alterra-kelompok-1/menu-service/internal/app/menu/service.go:74.16,76.3 1 0
github.com/alterra-kelompok-1/menu-service/internal/app/menu/service.go:81.106,85.35 2 0
github.com/alterra-kelompok-1/menu-service/internal/app/menu/service.go:88.2,88.25 1 0
github.com/alterra-kelompok-1/menu-service/internal/app/menu/service.go:91.2,91.32 1 0
github.com/alterra-kelompok-1/menu-service/internal/app/menu/service.go:94.2,94.29 1 0
github.com/alterra-kelompok-1/menu-service/internal/app/menu/service.go:97.2,97.28 1 0
github.com/alterra-kelompok-1/menu-service/internal/app/menu/service.go:101.2,102.16 2 0
github.com/alterra-kelompok-1/menu-service/internal/app/menu/service.go:106.2,106.23 1 0
github.com/alterra-kelompok-1/menu-service/internal/app/menu/service.go:85.35,87.3 1 0
github.com/alterra-kelompok-1/menu-service/internal/app/menu/service.go:88.25,90.3 1 0
github.com/alterra-kelompok-1/menu-service/internal/app/menu/service.go:91.32,93.3 1 0
github.com/alterra-kelompok-1/menu-service/internal/app/menu/service.go:94.29,96.3 1 0
github.com/alterra-kelompok-1/menu-service/internal/app/menu/service.go:97.28,99.3 1 0
github.com/alterra-kelompok-1/menu-service/internal/app/menu/service.go:102.16,104.3 1 0
github.com/alterra-kelompok-1/menu-service/internal/app/menu/service.go:109.79,112.16 2 0
github.com/alterra-kelompok-1/menu-service/internal/app/menu/service.go:119.2,120.16 2 0
github.com/alterra-kelompok-1/menu-service/internal/app/menu/service.go:124.2,124.19 1 0
github.com/alterra-kelompok-1/menu-service/internal/app/menu/service.go:112.16,113.37 1 0
github.com/alterra-kelompok-1/menu-service/internal/app/menu/service.go:116.3,116.76 1 0
github.com/alterra-kelompok-1/menu-service/internal/app/menu/service.go:113.37,115.4 1 0
github.com/alterra-kelompok-1/menu-service/internal/app/menu/service.go:120.16,122.3 1 0
github.com/alterra-kelompok-1/menu-service/internal/app/menu/upload.go:18.13,22.2 2 0
github.com/alterra-kelompok-1/menu-service/internal/app/menu/upload.go:24.40,34.2 4 0
github.com/alterra-kelompok-1/menu-service/internal/app/menu/upload.go:36.15,40.16 3 0
github.com/alterra-kelompok-1/menu-service/internal/app/menu/upload.go:44.2,52.30 4 0
github.com/alterra-kelompok-1/menu-service/internal/app/menu/upload.go:40.16,42.3 1 0
